[debug] [2022-08-07T20:42:46.455Z] ----------------------------------------------------------------------
[debug] [2022-08-07T20:42:46.460Z] Command:       C:\Program Files\nodejs\node.exe C:\Users\Nickp\AppData\Roaming\npm\node_modules\firebase-tools\lib\bin\firebase.js init
[debug] [2022-08-07T20:42:46.461Z] CLI Version:   11.4.2
[debug] [2022-08-07T20:42:46.461Z] Platform:      win32
[debug] [2022-08-07T20:42:46.461Z] Node Version:  v16.13.1
[debug] [2022-08-07T20:42:46.462Z] Time:          Sun Aug 07 2022 22:42:46 GMT+0200 (Central European Summer Time)
[debug] [2022-08-07T20:42:46.462Z] ----------------------------------------------------------------------
[debug] 
[debug] [2022-08-07T20:42:46.468Z] > command requires scopes: ["email","openid","https://www.googleapis.com/auth/cloudplatformprojects.readonly","https://www.googleapis.com/auth/firebase","https://www.googleapis.com/auth/cloud-platform"]
[debug] [2022-08-07T20:42:46.468Z] > authorizing via signed-in user (niposch@gmail.com)
[info] 
     ######## #### ########  ######## ########     ###     ######  ########
     ##        ##  ##     ## ##       ##     ##  ##   ##  ##       ##
     ######    ##  ########  ######   ########  #########  ######  ######
     ##        ##  ##    ##  ##       ##     ## ##     ##       ## ##
     ##       #### ##     ## ######## ########  ##     ##  ######  ########

You're about to initialize a Firebase project in this directory:

  C:\Users\Nickp\Documents\Development\Firebase Blog

[info] 
=== Project Setup
[info] 
[info] First, let's associate this project directory with a Firebase project.
[info] You can create multiple project aliases by running firebase use --add, 
[info] but for now we'll just set up a default project.
[info] 
[debug] [2022-08-07T20:43:10.409Z] > refreshing access token with scopes: []
[debug] [2022-08-07T20:43:10.410Z] >>> [apiv2][query] POST https://www.googleapis.com/oauth2/v3/token [none]
[debug] [2022-08-07T20:43:10.410Z] >>> [apiv2][body] POST https://www.googleapis.com/oauth2/v3/token [omitted]
[debug] [2022-08-07T20:43:10.544Z] <<< [apiv2][status] POST https://www.googleapis.com/oauth2/v3/token 200
[debug] [2022-08-07T20:43:10.544Z] <<< [apiv2][body] POST https://www.googleapis.com/oauth2/v3/token [omitted]
[debug] [2022-08-07T20:43:10.555Z] >>> [apiv2][query] GET https://firebase.googleapis.com/v1beta1/projects pageSize=100
[debug] [2022-08-07T20:43:11.046Z] <<< [apiv2][status] GET https://firebase.googleapis.com/v1beta1/projects 200
[debug] [2022-08-07T20:43:11.047Z] <<< [apiv2][body] GET https://firebase.googleapis.com/v1beta1/projects [omitted]
[info] i  Using project first-firebase-blog (first-firebase-blog) 
[info] 
=== Firestore Setup
[debug] [2022-08-07T20:43:11.934Z] >>> [apiv2][query] GET https://serviceusage.googleapis.com/v1/projects/first-firebase-blog/services/firestore.googleapis.com [none]
[debug] [2022-08-07T20:43:12.818Z] <<< [apiv2][status] GET https://serviceusage.googleapis.com/v1/projects/first-firebase-blog/services/firestore.googleapis.com 200
[debug] [2022-08-07T20:43:12.818Z] <<< [apiv2][body] GET https://serviceusage.googleapis.com/v1/projects/first-firebase-blog/services/firestore.googleapis.com [omitted]
[debug] [2022-08-07T20:43:12.818Z] >>> [apiv2][query] GET https://appengine.googleapis.com/v1/apps/first-firebase-blog [none]
[debug] [2022-08-07T20:43:13.249Z] <<< [apiv2][status] GET https://appengine.googleapis.com/v1/apps/first-firebase-blog 200
[debug] [2022-08-07T20:43:13.250Z] <<< [apiv2][body] GET https://appengine.googleapis.com/v1/apps/first-firebase-blog {"name":"apps/first-firebase-blog","id":"first-firebase-blog","authDomain":"gmail.com","locationId":"europe-west","codeBucket":"staging.first-firebase-blog.appspot.com","servingStatus":"SERVING","defaultHostname":"first-firebase-blog.ew.r.appspot.com","defaultBucket":"first-firebase-blog.appspot.com","serviceAccount":"first-firebase-blog@appspot.gserviceaccount.com","gcrDomain":"eu.gcr.io","databaseType":"CLOUD_FIRESTORE","featureSettings":{"splitHealthChecks":true,"useContainerOptimizedOs":true}}
[debug] [2022-08-07T20:43:13.250Z] database_type: CLOUD_FIRESTORE
[debug] [2022-08-07T20:43:13.250Z] > command requires scopes: ["email","openid","https://www.googleapis.com/auth/cloudplatformprojects.readonly","https://www.googleapis.com/auth/firebase","https://www.googleapis.com/auth/cloud-platform"]
[debug] [2022-08-07T20:43:13.250Z] > authorizing via signed-in user (niposch@gmail.com)
[debug] [2022-08-07T20:43:13.250Z] [iam] checking project first-firebase-blog for permissions ["firebase.projects.get"]
[debug] [2022-08-07T20:43:13.251Z] >>> [apiv2][query] POST https://cloudresourcemanager.googleapis.com/v1/projects/first-firebase-blog:testIamPermissions [none]
[debug] [2022-08-07T20:43:13.251Z] >>> [apiv2][(partial)header] POST https://cloudresourcemanager.googleapis.com/v1/projects/first-firebase-blog:testIamPermissions x-goog-quota-user=projects/first-firebase-blog
[debug] [2022-08-07T20:43:13.251Z] >>> [apiv2][body] POST https://cloudresourcemanager.googleapis.com/v1/projects/first-firebase-blog:testIamPermissions {"permissions":["firebase.projects.get"]}
[debug] [2022-08-07T20:43:13.437Z] <<< [apiv2][status] POST https://cloudresourcemanager.googleapis.com/v1/projects/first-firebase-blog:testIamPermissions 200
[debug] [2022-08-07T20:43:13.437Z] <<< [apiv2][body] POST https://cloudresourcemanager.googleapis.com/v1/projects/first-firebase-blog:testIamPermissions {"permissions":["firebase.projects.get"]}
[info] 
[info] Firestore Security Rules allow you to define how and when to allow
[info] requests. You can keep these rules in your project directory
[info] and publish them with firebase deploy.
[info] 
[debug] [2022-08-07T20:43:17.199Z] >>> [apiv2][query] GET https://firebaserules.googleapis.com/v1/projects/first-firebase-blog/releases pageSize=10&pageToken=
[debug] [2022-08-07T20:43:17.938Z] <<< [apiv2][status] GET https://firebaserules.googleapis.com/v1/projects/first-firebase-blog/releases 200
[debug] [2022-08-07T20:43:17.938Z] <<< [apiv2][body] GET https://firebaserules.googleapis.com/v1/projects/first-firebase-blog/releases {"releases":[{"name":"projects/first-firebase-blog/releases/cloud.firestore","rulesetName":"projects/first-firebase-blog/rulesets/35d2acce-f1a2-4a23-9016-489d47007c3a","createTime":"2022-08-07T20:42:39.480987Z","updateTime":"2022-08-07T20:42:39.480987Z"}]}
[debug] [2022-08-07T20:43:17.938Z] Found ruleset: projects/first-firebase-blog/rulesets/35d2acce-f1a2-4a23-9016-489d47007c3a
[debug] [2022-08-07T20:43:17.938Z] >>> [apiv2][query] GET https://firebaserules.googleapis.com/v1/projects/first-firebase-blog/rulesets/35d2acce-f1a2-4a23-9016-489d47007c3a [none]
[debug] [2022-08-07T20:43:18.639Z] <<< [apiv2][status] GET https://firebaserules.googleapis.com/v1/projects/first-firebase-blog/rulesets/35d2acce-f1a2-4a23-9016-489d47007c3a 200
[debug] [2022-08-07T20:43:18.639Z] <<< [apiv2][body] GET https://firebaserules.googleapis.com/v1/projects/first-firebase-blog/rulesets/35d2acce-f1a2-4a23-9016-489d47007c3a [omitted]
[info] 
[info] Firestore indexes allow you to perform complex queries while
[info] maintaining performance that scales with the size of the result
[info] set. You can keep index definitions in your project directory
[info] and publish them with firebase deploy.
[info] 
[debug] [2022-08-07T20:43:21.448Z] >>> [apiv2][query] GET https://firestore.googleapis.com/v1/projects/first-firebase-blog/databases/(default)/collectionGroups/-/indexes [none]
[debug] [2022-08-07T20:43:21.448Z] >>> [apiv2][query] GET https://firestore.googleapis.com/v1/projects/first-firebase-blog/databases/(default)/collectionGroups/-/fields?filter=indexConfig.usesAncestorConfig=false [none]
[debug] [2022-08-07T20:43:21.616Z] <<< [apiv2][status] GET https://firestore.googleapis.com/v1/projects/first-firebase-blog/databases/(default)/collectionGroups/-/indexes 200
[debug] [2022-08-07T20:43:21.616Z] <<< [apiv2][body] GET https://firestore.googleapis.com/v1/projects/first-firebase-blog/databases/(default)/collectionGroups/-/indexes {}
[debug] [2022-08-07T20:43:22.297Z] <<< [apiv2][status] GET https://firestore.googleapis.com/v1/projects/first-firebase-blog/databases/(default)/collectionGroups/-/fields?filter=indexConfig.usesAncestorConfig=false 200
[debug] [2022-08-07T20:43:22.298Z] <<< [apiv2][body] GET https://firestore.googleapis.com/v1/projects/first-firebase-blog/databases/(default)/collectionGroups/-/fields?filter=indexConfig.usesAncestorConfig=false {"fields":[{"name":"projects/first-firebase-blog/databases/(default)/collectionGroups/__default__/fields/*","indexConfig":{"indexes":[{"queryScope":"COLLECTION","fields":[{"fieldPath":"*","order":"ASCENDING"}],"state":"READY"},{"queryScope":"COLLECTION","fields":[{"fieldPath":"*","order":"DESCENDING"}],"state":"READY"},{"queryScope":"COLLECTION","fields":[{"fieldPath":"*","arrayConfig":"CONTAINS"}],"state":"READY"}]}}]}
[info] 
=== Hosting Setup
[info] 
[info] Your public directory is the folder (relative to your project directory) that
[info] will contain Hosting assets to be uploaded with firebase deploy. If you
[info] have a build process for your assets, use your build's output directory.
[info] 
[info] +  Wrote public/404.html 
[debug] [2022-08-07T20:43:42.829Z] >>> [apiv2][query] GET https://www.gstatic.com/firebasejs/releases.json [none]
[debug] [2022-08-07T20:43:42.883Z] <<< [apiv2][status] GET https://www.gstatic.com/firebasejs/releases.json 200
[debug] [2022-08-07T20:43:42.883Z] <<< [apiv2][body] GET https://www.gstatic.com/firebasejs/releases.json {"current":{"version":"9.9.2","browserURL":"https://www.gstatic.com/firebasejs/9.9.2/firebase.js","packageURL":"https://www.gstatic.com/firebasejs/9.9.2/firebase.tgz"},"live":{"version":"9.9","browserURL":"https://www.gstatic.com/firebasejs/live/9.9/firebase.js","packageURL":"https://www.gstatic.com/firebasejs/live/9.9/firebase.tgz"},"components":{"analytics":"https://www.gstatic.com/firebasejs/9.9.2/firebase-analytics.js","app":"https://www.gstatic.com/firebasejs/9.9.2/firebase-app.js","app-check":"https://www.gstatic.com/firebasejs/9.9.2/firebase-app-check.js","auth":"https://www.gstatic.com/firebasejs/9.9.2/firebase-auth.js","auth/cordova":"https://www.gstatic.com/firebasejs/9.9.2/firebase-auth/cordova.js","auth/react-native":"https://www.gstatic.com/firebasejs/9.9.2/firebase-auth/react-native.js","functions":"https://www.gstatic.com/firebasejs/9.9.2/firebase-functions.js","firestore":"https://www.gstatic.com/firebasejs/9.9.2/firebase-firestore.js","firestore/lite":"https://www.gstatic.com/firebasejs/9.9.2/firebase-firestore/lite.js","installations":"https://www.gstatic.com/firebasejs/9.9.2/firebase-installations.js","storage":"https://www.gstatic.com/firebasejs/9.9.2/firebase-storage.js","performance":"https://www.gstatic.com/firebasejs/9.9.2/firebase-performance.js","remote-config":"https://www.gstatic.com/firebasejs/9.9.2/firebase-remote-config.js","messaging":"https://www.gstatic.com/firebasejs/9.9.2/firebase-messaging.js","messaging/sw":"https://www.gstatic.com/firebasejs/9.9.2/firebase-messaging/sw.js","database":"https://www.gstatic.com/firebasejs/9.9.2/firebase-database.js","firestore.memory":"https://www.gstatic.com/firebasejs/9.9.2/firebase-firestore.memory.js"}}
[info] +  Wrote public/index.html 
[info] 
[info] i  Detected a .git folder at C:\Users\Nickp\Documents\Development\Firebase Blog 
[info] i  Authorizing with GitHub to upload your service account to a GitHub repository's secrets store. 
[info] 
[info] Visit this URL on this device to log in:
[info] https://github.com/login/oauth/authorize?client_id=89cf50f02ac6aaed3484&state=628154022&redirect_uri=http%3A%2F%2Flocalhost%3A9005&scope=read%3Auser%20repo%20public_repo
[info] 
[info] Waiting for authentication...
[debug] [2022-08-07T20:43:55.054Z] >>> [apiv2][query] POST https://github.com/login/oauth/access_token [none]
[debug] [2022-08-07T20:43:55.054Z] >>> [apiv2][body] POST https://github.com/login/oauth/access_token [stream]
[debug] [2022-08-07T20:43:55.464Z] <<< [apiv2][status] POST https://github.com/login/oauth/access_token 200
[debug] [2022-08-07T20:43:55.464Z] <<< [apiv2][body] POST https://github.com/login/oauth/access_token {"access_token":"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","token_type":"bearer","scope":"read:user,repo"}
[debug] [2022-08-07T20:43:55.467Z] >>> [apiv2][query] GET https://api.github.com/user [none]
[debug] [2022-08-07T20:43:55.737Z] <<< [apiv2][status] GET https://api.github.com/user 200
[debug] [2022-08-07T20:43:55.740Z] <<< [apiv2][body] GET https://api.github.com/user {"login":"niposch","id":45246069,"node_id":"MDQ6VXNlcjQ1MjQ2MDY5","avatar_url":"https://avatars.githubusercontent.com/u/45246069?v=4","gravatar_id":"","url":"https://api.github.com/users/niposch","html_url":"https://github.com/niposch","followers_url":"https://api.github.com/users/niposch/followers","following_url":"https://api.github.com/users/niposch/following{/other_user}","gists_url":"https://api.github.com/users/niposch/gists{/gist_id}","starred_url":"https://api.github.com/users/niposch/starred{/owner}{/repo}","subscriptions_url":"https://api.github.com/users/niposch/subscriptions","organizations_url":"https://api.github.com/users/niposch/orgs","repos_url":"https://api.github.com/users/niposch/repos","events_url":"https://api.github.com/users/niposch/events{/privacy}","received_events_url":"https://api.github.com/users/niposch/received_events","type":"User","site_admin":false,"name":null,"company":null,"blog":"","location":null,"email":"niposch@gmail.com","hireable":null,"bio":null,"twitter_username":null,"public_repos":10,"public_gists":1,"followers":0,"following":0,"created_at":"2018-11-21T22:42:40Z","updated_at":"2022-06-14T20:38:33Z","private_gists":3,"total_private_repos":41,"owned_private_repos":41,"disk_usage":52631,"collaborators":1,"two_factor_authentication":true,"plan":{"name":"free","space":976562499,"collaborators":0,"private_repos":10000}}
[info] 
[info] +  Success! Logged into GitHub as niposch 
[info] 
